<?xml version="1.0" encoding="UTF-8"?>
<robot generator="Robot 6.0.2 (Python 3.11.1 on win32)" generated="20230523 16:09:40.889" rpa="false" schemaversion="3">
<suite id="s1" name="Primeiro Teste" source="C:\Users\lucas.meneses\Documents\GitHub\Robot_Framework\primeiro_teste.robot">
<test id="s1-t1" name="Abrir navegador e acessar o site do organo" line="7">
<kw name="Open Browser" library="SeleniumLibrary">
<arg>url=https://chat.openai.com/</arg>
<arg>browser=Chrome</arg>
<doc>Opens a new browser instance to the optional ``url``.</doc>
<msg timestamp="20230523 16:09:41.114" level="INFO">Opening browser 'Chrome' to base url 'https://chat.openai.com/'.</msg>
<status status="PASS" starttime="20230523 16:09:41.113" endtime="20230523 16:09:43.596"/>
</kw>
<status status="PASS" starttime="20230523 16:09:41.112" endtime="20230523 16:09:43.597"/>
</test>
<status status="PASS" starttime="20230523 16:09:40.891" endtime="20230523 16:09:43.598"/>
</suite>
<statistics>
<total>
<stat pass="1" fail="0" skip="0">All Tests</stat>
</total>
<tag>
</tag>
<suite>
<stat pass="1" fail="0" skip="0" id="s1" name="Primeiro Teste">Primeiro Teste</stat>
</suite>
</statistics>
<errors>
</errors>
</robot>
