<?xml version="1.0" encoding="UTF-8"?>
<robot generator="Robot 7.2.2 (Python 3.13.2 on win32)" generated="2025-05-12T20:13:02.505825" rpa="false" schemaversion="5">
<suite id="s1" name="Test Calculadora" source="C:\Users\lucas\OneDrive\Documents\git\Desafio_Leme\tests\test_calculadora.robot">
<test id="s1-t1" name="Cenario 1: Soma Simples" line="5">
<kw name="Dado que estou com página calculator aberta" owner="resource_calculadora">
<kw name="Open Browser" owner="SeleniumLibrary">
<msg time="2025-05-12T20:13:02.720786" level="INFO">Opening browser 'Chrome' to base url 'https://testpages.herokuapp.com/calculate.php'.</msg>
<arg>${URL}</arg>
<arg>${BROWSER}</arg>
<doc>Opens a new browser instance to the optional ``url``.</doc>
<status status="PASS" start="2025-05-12T20:13:02.720575" elapsed="3.484360"/>
</kw>
<kw name="Maximize Browser Window" owner="SeleniumLibrary">
<doc>Maximizes current browser window.</doc>
<status status="PASS" start="2025-05-12T20:13:06.206065" elapsed="0.022435"/>
</kw>
<status status="PASS" start="2025-05-12T20:13:02.720001" elapsed="3.508628"/>
</kw>
<kw name="Qaundo digitar &quot;2&quot; no primeiro campo" owner="resource_calculadora">
<kw name="Input Text" owner="SeleniumLibrary">
<msg time="2025-05-12T20:13:06.229480" level="INFO">Typing text '2' into text field 'id:number1'.</msg>
<arg>${CAMPO1}</arg>
<arg>2</arg>
<doc>Types the given ``text`` into the text field identified by ``locator``.</doc>
<status status="PASS" start="2025-05-12T20:13:06.229191" elapsed="0.060177"/>
</kw>
<status status="PASS" start="2025-05-12T20:13:06.228944" elapsed="0.060537"/>
</kw>
<kw name="E digitar &quot;2&quot; no segundo campo" owner="resource_calculadora">
<kw name="Input Text" owner="SeleniumLibrary">
<msg time="2025-05-12T20:13:06.290132" level="INFO">Typing text '2' into text field 'id:number2'.</msg>
<arg>${CAMPO2}</arg>
<arg>2</arg>
<doc>Types the given ``text`` into the text field identified by ``locator``.</doc>
<status status="PASS" start="2025-05-12T20:13:06.289956" elapsed="0.044323"/>
</kw>
<status status="PASS" start="2025-05-12T20:13:06.289737" elapsed="0.044630"/>
</kw>
<kw name="E clicar no botão Calculate" owner="resource_calculadora">
<kw name="Click Button" owner="SeleniumLibrary">
<msg time="2025-05-12T20:13:06.334952" level="INFO">Clicking button 'id:calculate'.</msg>
<arg>${BOTAO}</arg>
<doc>Clicks the button identified by ``locator``.</doc>
<status status="PASS" start="2025-05-12T20:13:06.334797" elapsed="0.291593"/>
</kw>
<status status="PASS" start="2025-05-12T20:13:06.334587" elapsed="0.291916"/>
</kw>
<kw name="Então deve mostrar o resultado &quot;4&quot;" owner="resource_calculadora">
<kw name="Element Text Should Be" owner="SeleniumLibrary">
<msg time="2025-05-12T20:13:06.627221" level="INFO">Verifying element 'id:answer' contains exact text '4'.</msg>
<arg>${RESPOSTA}</arg>
<arg>4</arg>
<doc>Verifies that element ``locator`` contains exact the text ``expected``.</doc>
<status status="PASS" start="2025-05-12T20:13:06.627039" elapsed="0.868729"/>
</kw>
<kw name="Sleep" owner="BuiltIn">
<msg time="2025-05-12T20:13:09.496995" level="INFO">Slept 2 seconds.</msg>
<arg>2s</arg>
<doc>Pauses the test executed for the given time.</doc>
<status status="PASS" start="2025-05-12T20:13:07.495957" elapsed="2.001155"/>
</kw>
<kw name="Close Browser" owner="SeleniumLibrary">
<doc>Closes the current browser.</doc>
<status status="PASS" start="2025-05-12T20:13:09.497289" elapsed="2.131422"/>
</kw>
<status status="PASS" start="2025-05-12T20:13:06.626798" elapsed="5.002040"/>
</kw>
<tag>SomaSimples</tag>
<status status="PASS" start="2025-05-12T20:13:02.719327" elapsed="8.909740"/>
</test>
<test id="s1-t2" name="Cenario 2: Soma Numero Negativo" line="13">
<kw name="Dado que estou com página calculator aberta" owner="resource_calculadora">
<kw name="Open Browser" owner="SeleniumLibrary">
<msg time="2025-05-12T20:13:11.630142" level="INFO">Opening browser 'Chrome' to base url 'https://testpages.herokuapp.com/calculate.php'.</msg>
<arg>${URL}</arg>
<arg>${BROWSER}</arg>
<doc>Opens a new browser instance to the optional ``url``.</doc>
<status status="PASS" start="2025-05-12T20:13:11.629965" elapsed="2.591309"/>
</kw>
<kw name="Maximize Browser Window" owner="SeleniumLibrary">
<doc>Maximizes current browser window.</doc>
<status status="PASS" start="2025-05-12T20:13:14.221465" elapsed="0.021994"/>
</kw>
<status status="PASS" start="2025-05-12T20:13:11.629748" elapsed="2.613835"/>
</kw>
<kw name="Qaundo digitar &quot;-2&quot; no primeiro campo" owner="resource_calculadora">
<kw name="Input Text" owner="SeleniumLibrary">
<msg time="2025-05-12T20:13:14.244423" level="INFO">Typing text '-2' into text field 'id:number1'.</msg>
<arg>${CAMPO1}</arg>
<arg>-2</arg>
<doc>Types the given ``text`` into the text field identified by ``locator``.</doc>
<status status="PASS" start="2025-05-12T20:13:14.244196" elapsed="0.061331"/>
</kw>
<status status="PASS" start="2025-05-12T20:13:14.243895" elapsed="0.061768"/>
</kw>
<kw name="E digitar &quot;7&quot; no segundo campo" owner="resource_calculadora">
<kw name="Input Text" owner="SeleniumLibrary">
<msg time="2025-05-12T20:13:14.306438" level="INFO">Typing text '7' into text field 'id:number2'.</msg>
<arg>${CAMPO2}</arg>
<arg>7</arg>
<doc>Types the given ``text`` into the text field identified by ``locator``.</doc>
<status status="PASS" start="2025-05-12T20:13:14.306226" elapsed="0.045078"/>
</kw>
<status status="PASS" start="2025-05-12T20:13:14.305957" elapsed="0.045454"/>
</kw>
<kw name="E clicar no botão Calculate" owner="resource_calculadora">
<kw name="Click Button" owner="SeleniumLibrary">
<msg time="2025-05-12T20:13:14.352113" level="INFO">Clicking button 'id:calculate'.</msg>
<arg>${BOTAO}</arg>
<doc>Clicks the button identified by ``locator``.</doc>
<status status="PASS" start="2025-05-12T20:13:14.351910" elapsed="0.301761"/>
</kw>
<status status="PASS" start="2025-05-12T20:13:14.351656" elapsed="0.302145"/>
</kw>
<kw name="Então deve mostrar o resultado &quot;5&quot;" owner="resource_calculadora">
<kw name="Element Text Should Be" owner="SeleniumLibrary">
<msg time="2025-05-12T20:13:14.654596" level="INFO">Verifying element 'id:answer' contains exact text '5'.</msg>
<arg>${RESPOSTA}</arg>
<arg>5</arg>
<doc>Verifies that element ``locator`` contains exact the text ``expected``.</doc>
<status status="PASS" start="2025-05-12T20:13:14.654389" elapsed="0.600695"/>
</kw>
<kw name="Sleep" owner="BuiltIn">
<msg time="2025-05-12T20:13:17.256049" level="INFO">Slept 2 seconds.</msg>
<arg>2s</arg>
<doc>Pauses the test executed for the given time.</doc>
<status status="PASS" start="2025-05-12T20:13:15.255316" elapsed="2.000843"/>
</kw>
<kw name="Close Browser" owner="SeleniumLibrary">
<doc>Closes the current browser.</doc>
<status status="PASS" start="2025-05-12T20:13:17.256326" elapsed="2.111971"/>
</kw>
<status status="PASS" start="2025-05-12T20:13:14.654123" elapsed="4.714345"/>
</kw>
<tag>SomaNegativa</tag>
<status status="PASS" start="2025-05-12T20:13:11.629392" elapsed="7.739340"/>
</test>
<test id="s1-t3" name="Cenario 3: Soma Numero Com Virgula" line="22">
<kw name="Dado que estou com página calculator aberta" owner="resource_calculadora">
<kw name="Open Browser" owner="SeleniumLibrary">
<msg time="2025-05-12T20:13:19.369936" level="INFO">Opening browser 'Chrome' to base url 'https://testpages.herokuapp.com/calculate.php'.</msg>
<arg>${URL}</arg>
<arg>${BROWSER}</arg>
<doc>Opens a new browser instance to the optional ``url``.</doc>
<status status="PASS" start="2025-05-12T20:13:19.369729" elapsed="2.503140"/>
</kw>
<kw name="Maximize Browser Window" owner="SeleniumLibrary">
<doc>Maximizes current browser window.</doc>
<status status="PASS" start="2025-05-12T20:13:21.873061" elapsed="0.031626"/>
</kw>
<status status="PASS" start="2025-05-12T20:13:19.369477" elapsed="2.535299"/>
</kw>
<kw name="Qaundo digitar &quot;2.5&quot; no primeiro campo" owner="resource_calculadora">
<kw name="Input Text" owner="SeleniumLibrary">
<msg time="2025-05-12T20:13:21.905528" level="INFO">Typing text '3.5' into text field 'id:number1'.</msg>
<arg>${CAMPO1}</arg>
<arg>3.5</arg>
<doc>Types the given ``text`` into the text field identified by ``locator``.</doc>
<status status="PASS" start="2025-05-12T20:13:21.905357" elapsed="0.062775"/>
</kw>
<status status="PASS" start="2025-05-12T20:13:21.905105" elapsed="0.063138"/>
</kw>
<kw name="E digitar &quot;2.5&quot; no segundo campo" owner="resource_calculadora">
<kw name="Input Text" owner="SeleniumLibrary">
<msg time="2025-05-12T20:13:21.969059" level="INFO">Typing text '3.5' into text field 'id:number2'.</msg>
<arg>${CAMPO2}</arg>
<arg>3.5</arg>
<doc>Types the given ``text`` into the text field identified by ``locator``.</doc>
<status status="PASS" start="2025-05-12T20:13:21.968835" elapsed="0.046520"/>
</kw>
<status status="PASS" start="2025-05-12T20:13:21.968559" elapsed="0.046935"/>
</kw>
<kw name="E clicar no botão Calculate" owner="resource_calculadora">
<kw name="Click Button" owner="SeleniumLibrary">
<msg time="2025-05-12T20:13:22.016256" level="INFO">Clicking button 'id:calculate'.</msg>
<arg>${BOTAO}</arg>
<doc>Clicks the button identified by ``locator``.</doc>
<status status="PASS" start="2025-05-12T20:13:22.016057" elapsed="0.284554"/>
</kw>
<status status="PASS" start="2025-05-12T20:13:22.015788" elapsed="0.284931"/>
</kw>
<kw name="Então deve mostrar o resultado &quot;7&quot;" owner="resource_calculadora">
<kw name="Element Text Should Be" owner="SeleniumLibrary">
<msg time="2025-05-12T20:13:22.301386" level="INFO">Verifying element 'id:answer' contains exact text '7'.</msg>
<arg>${RESPOSTA}</arg>
<arg>7</arg>
<doc>Verifies that element ``locator`` contains exact the text ``expected``.</doc>
<status status="PASS" start="2025-05-12T20:13:22.301208" elapsed="0.604655"/>
</kw>
<kw name="Sleep" owner="BuiltIn">
<msg time="2025-05-12T20:13:24.906954" level="INFO">Slept 2 seconds.</msg>
<arg>2s</arg>
<doc>Pauses the test executed for the given time.</doc>
<status status="PASS" start="2025-05-12T20:13:22.906113" elapsed="2.001050"/>
</kw>
<kw name="Close Browser" owner="SeleniumLibrary">
<doc>Closes the current browser.</doc>
<status status="PASS" start="2025-05-12T20:13:24.907386" elapsed="2.117076"/>
</kw>
<status status="PASS" start="2025-05-12T20:13:22.300982" elapsed="4.723602"/>
</kw>
<tag>SomaDecimal</tag>
<status status="PASS" start="2025-05-12T20:13:19.369083" elapsed="7.655722"/>
</test>
<status status="PASS" start="2025-05-12T20:13:02.507249" elapsed="24.518139"/>
</suite>
<statistics>
<total>
<stat pass="3" fail="0" skip="0">All Tests</stat>
</total>
<tag>
<stat pass="1" fail="0" skip="0">SomaDecimal</stat>
<stat pass="1" fail="0" skip="0">SomaNegativa</stat>
<stat pass="1" fail="0" skip="0">SomaSimples</stat>
</tag>
<suite>
<stat name="Test Calculadora" id="s1" pass="3" fail="0" skip="0">Test Calculadora</stat>
</suite>
</statistics>
<errors>
</errors>
</robot>
